[2016-09-15 05:23:37] local.ERROR: exception 'ReflectionException' with message 'Class App\Http\Controllers\ItemRequest does not exist' in /media/eries/DATA/PROJECTS/WEB_SRC/lavapos/vendor/laravel/framework/src/Illuminate/Routing/RouteDependencyResolverTrait.php:81
Stack trace:
#0 /media/eries/DATA/PROJECTS/WEB_SRC/lavapos/vendor/laravel/framework/src/Illuminate/Routing/RouteDependencyResolverTrait.php(81): ReflectionParameter->getClass()
#1 /media/eries/DATA/PROJECTS/WEB_SRC/lavapos/vendor/laravel/framework/src/Illuminate/Routing/RouteDependencyResolverTrait.php(61): Illuminate\Routing\ControllerDispatcher->transformDependency(Object(ReflectionParameter), Array, Array)
#2 /media/eries/DATA/PROJECTS/WEB_SRC/lavapos/vendor/laravel/framework/src/Illuminate/Routing/RouteDependencyResolverTrait.php(44): Illuminate\Routing\ControllerDispatcher->resolveMethodDependencies(Array, Object(ReflectionMethod))
#3 /media/eries/DATA/PROJECTS/WEB_SRC/lavapos/vendor/laravel/framework/src/Illuminate/Routing/ControllerDispatcher.php(162): Illuminate\Routing\ControllerDispatcher->resolveClassMethodDependencies(Array, Object(App\Http\Controllers\ItemController), 'store')
#4 /media/eries/DATA/PROJECTS/WEB_SRC/lavapos/vendor/laravel/framework/src/Illuminate/Routing/ControllerDispatcher.php(112): Illuminate\Routing\ControllerDispatcher->call(Object(App\Http\Controllers\ItemController), Object(Illuminate\Routing\Route), 'store')
#5 [internal function]: Illuminate\Routing\ControllerDispatcher->Illuminate\Routing\{closure}(Object(Illuminate\Http\Request))
#6 /media/eries/DATA/PROJECTS/WEB_SRC/lavapos/vendor/laravel/framework/src/Illuminate/Pipeline/Pipeline.php(139): call_user_func(Object(Closure), Object(Illuminate\Http\Request))
#7 /media/eries/DATA/PROJECTS/WEB_SRC/lavapos/app/Http/Middleware/Authenticate.php(45): Illuminate\Pipeline\Pipeline->Illuminate\Pipeline\{closure}(Object(Illuminate\Http\Request))
#8 [internal function]: App\Http\Middleware\Authenticate->handle(Object(Illuminate\Http\Request), Object(Closure))
#9 /media/eries/DATA/PROJECTS/WEB_SRC/lavapos/vendor/laravel/framework/src/Illuminate/Pipeline/Pipeline.php(124): call_user_func_array(Array, Array)
#10 [internal function]: Illuminate\Pipeline\Pipeline->Illuminate\Pipeline\{closure}(Object(Illuminate\Http\Request))
#11 /media/eries/DATA/PROJECTS/WEB_SRC/lavapos/vendor/laravel/framework/src/Illuminate/Pipeline/Pipeline.php(103): call_user_func(Object(Closure), Object(Illuminate\Http\Request))
#12 /media/eries/DATA/PROJECTS/WEB_SRC/lavapos/vendor/laravel/framework/src/Illuminate/Routing/ControllerDispatcher.php(114): Illuminate\Pipeline\Pipeline->then(Object(Closure))
#13 /media/eries/DATA/PROJECTS/WEB_SRC/lavapos/vendor/laravel/framework/src/Illuminate/Routing/ControllerDispatcher.php(69): Illuminate\Routing\ControllerDispatcher->callWithinStack(Object(App\Http\Controllers\ItemController), Object(Illuminate\Routing\Route), Object(Illuminate\Http\Request), 'store')
#14 /media/eries/DATA/PROJECTS/WEB_SRC/lavapos/vendor/laravel/framework/src/Illuminate/Routing/Route.php(203): Illuminate\Routing\ControllerDispatcher->dispatch(Object(Illuminate\Routing\Route), Object(Illuminate\Http\Request), 'App\\Http\\Contro...', 'store')
#15 /media/eries/DATA/PROJECTS/WEB_SRC/lavapos/vendor/laravel/framework/src/Illuminate/Routing/Route.php(134): Illuminate\Routing\Route->runWithCustomDispatcher(Object(Illuminate\Http\Request))
#16 /media/eries/DATA/PROJECTS/WEB_SRC/lavapos/vendor/laravel/framework/src/Illuminate/Routing/Router.php(708): Illuminate\Routing\Route->run(Object(Illuminate\Http\Request))
#17 [internal function]: Illuminate\Routing\Router->Illuminate\Routing\{closure}(Object(Illuminate\Http\Request))
#18 /media/eries/DATA/PROJECTS/WEB_SRC/lavapos/vendor/laravel/framework/src/Illuminate/Pipeline/Pipeline.php(139): call_user_func(Object(Closure), Object(Illuminate\Http\Request))
#19 /media/eries/DATA/PROJECTS/WEB_SRC/lavapos/app/Http/Middleware/LanguangeMiddleware.php(20): Illuminate\Pipeline\Pipeline->Illuminate\Pipeline\{closure}(Object(Illuminate\Http\Request))
#20 [internal function]: App\Http\Middleware\LanguangeMiddleware->handle(Object(Illuminate\Http\Request), Object(Closure))
#21 /media/eries/DATA/PROJECTS/WEB_SRC/lavapos/vendor/laravel/framework/src/Illuminate/Pipeline/Pipeline.php(124): call_user_func_array(Array, Array)
#22 [internal function]: Illuminate\Pipeline\Pipeline->Illuminate\Pipeline\{closure}(Object(Illuminate\Http\Request))
#23 /media/eries/DATA/PROJECTS/WEB_SRC/lavapos/vendor/laravel/framework/src/Illuminate/Pipeline/Pipeline.php(103): call_user_func(Object(Closure), Object(Illuminate\Http\Request))
#24 /media/eries/DATA/PROJECTS/WEB_SRC/lavapos/vendor/laravel/framework/src/Illuminate/Routing/Router.php(710): Illuminate\Pipeline\Pipeline->then(Object(Closure))
#25 /media/eries/DATA/PROJECTS/WEB_SRC/lavapos/vendor/laravel/framework/src/Illuminate/Routing/Router.php(675): Illuminate\Routing\Router->runRouteWithinStack(Object(Illuminate\Routing\Route), Object(Illuminate\Http\Request))
#26 /media/eries/DATA/PROJECTS/WEB_SRC/lavapos/vendor/laravel/framework/src/Illuminate/Routing/Router.php(635): Illuminate\Routing\Router->dispatchToRoute(Object(Illuminate\Http\Request))
#27 /media/eries/DATA/PROJECTS/WEB_SRC/lavapos/vendor/laravel/framework/src/Illuminate/Foundation/Http/Kernel.php(236): Illuminate\Routing\Router->dispatch(Object(Illuminate\Http\Request))
#28 [internal function]: Illuminate\Foundation\Http\Kernel->Illuminate\Foundation\Http\{closure}(Object(Illuminate\Http\Request))
#29 /media/eries/DATA/PROJECTS/WEB_SRC/lavapos/vendor/laravel/framework/src/Illuminate/Pipeline/Pipeline.php(139): call_user_func(Object(Closure), Object(Illuminate\Http\Request))
#30 /media/eries/DATA/PROJECTS/WEB_SRC/lavapos/vendor/laravel/framework/src/Illuminate/Foundation/Http/Middleware/VerifyCsrfToken.php(50): Illuminate\Pipeline\Pipeline->Illuminate\Pipeline\{closure}(Object(Illuminate\Http\Request))
#31 [internal function]: Illuminate\Foundation\Http\Middleware\VerifyCsrfToken->handle(Object(Illuminate\Http\Request), Object(Closure))
#32 /media/eries/DATA/PROJECTS/WEB_SRC/lavapos/vendor/laravel/framework/src/Illuminate/Pipeline/Pipeline.php(124): call_user_func_array(Array, Array)
#33 /media/eries/DATA/PROJECTS/WEB_SRC/lavapos/vendor/laravel/framework/src/Illuminate/View/Middleware/ShareErrorsFromSession.php(49): Illuminate\Pipeline\Pipeline->Illuminate\Pipeline\{closure}(Object(Illuminate\Http\Request))
#34 [internal function]: Illuminate\View\Middleware\ShareErrorsFromSession->handle(Object(Illuminate\Http\Request), Object(Closure))
#35 /media/eries/DATA/PROJECTS/WEB_SRC/lavapos/vendor/laravel/framework/src/Illuminate/Pipeline/Pipeline.php(124): call_user_func_array(Array, Array)
#36 /media/eries/DATA/PROJECTS/WEB_SRC/lavapos/vendor/laravel/framework/src/Illuminate/Session/Middleware/StartSession.php(62): Illuminate\Pipeline\Pipeline->Illuminate\Pipeline\{closure}(Object(Illuminate\Http\Request))
#37 [internal function]: Illuminate\Session\Middleware\StartSession->handle(Object(Illuminate\Http\Request), Object(Closure))
#38 /media/eries/DATA/PROJECTS/WEB_SRC/lavapos/vendor/laravel/framework/src/Illuminate/Pipeline/Pipeline.php(124): call_user_func_array(Array, Array)
#39 /media/eries/DATA/PROJECTS/WEB_SRC/lavapos/vendor/laravel/framework/src/Illuminate/Cookie/Middleware/AddQueuedCookiesToResponse.php(37): Illuminate\Pipeline\Pipeline->Illuminate\Pipeline\{closure}(Object(Illuminate\Http\Request))
#40 [internal function]: Illuminate\Cookie\Middleware\AddQueuedCookiesToResponse->handle(Object(Illuminate\Http\Request), Object(Closure))
#41 /media/eries/DATA/PROJECTS/WEB_SRC/lavapos/vendor/laravel/framework/src/Illuminate/Pipeline/Pipeline.php(124): call_user_func_array(Array, Array)
#42 /media/eries/DATA/PROJECTS/WEB_SRC/lavapos/vendor/laravel/framework/src/Illuminate/Cookie/Middleware/EncryptCookies.php(59): Illuminate\Pipeline\Pipeline->Illuminate\Pipeline\{closure}(Object(Illuminate\Http\Request))
#43 [internal function]: Illuminate\Cookie\Middleware\EncryptCookies->handle(Object(Illuminate\Http\Request), Object(Closure))
#44 /media/eries/DATA/PROJECTS/WEB_SRC/lavapos/vendor/laravel/framework/src/Illuminate/Pipeline/Pipeline.php(124): call_user_func_array(Array, Array)
#45 /media/eries/DATA/PROJECTS/WEB_SRC/lavapos/vendor/laravel/framework/src/Illuminate/Foundation/Http/Middleware/CheckForMaintenanceMode.php(44): Illuminate\Pipeline\Pipeline->Illuminate\Pipeline\{closure}(Object(Illuminate\Http\Request))
#46 [internal function]: Illuminate\Foundation\Http\Middleware\CheckForMaintenanceMode->handle(Object(Illuminate\Http\Request), Object(Closure))
#47 /media/eries/DATA/PROJECTS/WEB_SRC/lavapos/vendor/laravel/framework/src/Illuminate/Pipeline/Pipeline.php(124): call_user_func_array(Array, Array)
#48 [internal function]: Illuminate\Pipeline\Pipeline->Illuminate\Pipeline\{closure}(Object(Illuminate\Http\Request))
#49 /media/eries/DATA/PROJECTS/WEB_SRC/lavapos/vendor/laravel/framework/src/Illuminate/Pipeline/Pipeline.php(103): call_user_func(Object(Closure), Object(Illuminate\Http\Request))
#50 /media/eries/DATA/PROJECTS/WEB_SRC/lavapos/vendor/laravel/framework/src/Illuminate/Foundation/Http/Kernel.php(122): Illuminate\Pipeline\Pipeline->then(Object(Closure))
#51 /media/eries/DATA/PROJECTS/WEB_SRC/lavapos/vendor/laravel/framework/src/Illuminate/Foundation/Http/Kernel.php(87): Illuminate\Foundation\Http\Kernel->sendRequestThroughRouter(Object(Illuminate\Http\Request))
#52 /media/eries/DATA/PROJECTS/WEB_SRC/lavapos/public/index.php(53): Illuminate\Foundation\Http\Kernel->handle(Object(Illuminate\Http\Request))
#53 {main}  
[2016-09-15 05:27:11] local.ERROR: exception 'Symfony\Component\Debug\Exception\FatalErrorException' with message 'Call to a member function getClientOriginalName() on null' in /media/eries/DATA/PROJECTS/WEB_SRC/lavapos/app/Http/Controllers/ItemController.php:118
Stack trace:
#0 {main}  
[2016-09-15 05:39:39] local.ERROR: exception 'Symfony\Component\Debug\Exception\FatalErrorException' with message 'Call to a member function getClientOriginalExtension() on null' in /media/eries/DATA/PROJECTS/WEB_SRC/lavapos/app/Http/Controllers/ItemController.php:162
Stack trace:
#0 {main}  
[2016-09-15 05:40:35] local.ERROR: exception 'Symfony\Component\Debug\Exception\FatalErrorException' with message 'Call to a member function getClientOriginalExtension() on null' in /media/eries/DATA/PROJECTS/WEB_SRC/lavapos/app/Http/Controllers/ItemController.php:162
Stack trace:
#0 {main}  
[2016-09-15 05:41:51] local.ERROR: exception 'Symfony\Component\Debug\Exception\FatalErrorException' with message 'Call to a member function getClientOriginalName() on null' in /media/eries/DATA/PROJECTS/WEB_SRC/lavapos/app/Http/Controllers/ItemController.php:111
Stack trace:
#0 {main}  
[2016-09-15 10:29:37] local.ERROR: exception 'Symfony\Component\Debug\Exception\FatalErrorException' with message 'Class 'App\Http\Controllers\DB' not found' in /media/eries/DATA/PROJECTS/WEB_SRC/lavapos/app/Http/Controllers/ItemController.php:253
Stack trace:
#0 {main}  
